This is pdfTeX, Version 3.14159265-2.6-1.40.20 (TeX Live 2019/Arch Linux) (preloaded format=pdflatex 2020.5.21)  1 JUN 2020 00:05
entering extended mode
 restricted \write18 enabled.
 %&-line parsing enabled.
**main.tex
(./main.tex
LaTeX2e <2019-10-01> patch level 1
(/usr/share/texmf-dist/tex/latex/base/report.cls
Document Class: report 2019/08/27 v1.4j Standard LaTeX document class
(/usr/share/texmf-dist/tex/latex/base/size12.clo
File: size12.clo 2019/08/27 v1.4j Standard LaTeX file (size option)
)
\c@part=\count80
\c@chapter=\count81
\c@section=\count82
\c@subsection=\count83
\c@subsubsection=\count84
\c@paragraph=\count85
\c@subparagraph=\count86
\c@figure=\count87
\c@table=\count88
\abovecaptionskip=\skip41
\belowcaptionskip=\skip42
\bibindent=\dimen102
)
(/usr/share/texmf-dist/tex/latex/soul/soul.sty
Package: soul 2003/11/17 v2.4 letterspacing/underlining (mf)
\SOUL@word=\toks14
\SOUL@lasttoken=\toks15
\SOUL@cmds=\toks16
\SOUL@buffer=\toks17
\SOUL@token=\toks18
\SOUL@spaceskip=\skip43
\SOUL@ttwidth=\dimen103
\SOUL@uldp=\dimen104
\SOUL@ulht=\dimen105
)
(/usr/share/texmf-dist/tex/latex/geometry/geometry.sty
Package: geometry 2018/04/16 v5.8 Page Geometry

(/usr/share/texmf-dist/tex/latex/graphics/keyval.sty
Package: keyval 2014/10/28 v1.15 key=value parser (DPC)
\KV@toks@=\toks19
)
(/usr/share/texmf-dist/tex/generic/oberdiek/ifpdf.sty
Package: ifpdf 2018/09/07 v3.3 Provides the ifpdf switch
)
(/usr/share/texmf-dist/tex/generic/oberdiek/ifvtex.sty
Package: ifvtex 2016/05/16 v1.6 Detect VTeX and its facilities (HO)
Package ifvtex Info: VTeX not detected.
)
(/usr/share/texmf-dist/tex/generic/ifxetex/ifxetex.sty
Package: ifxetex 2010/09/12 v0.6 Provides ifxetex conditional
)
\Gm@cnth=\count89
\Gm@cntv=\count90
\c@Gm@tempcnt=\count91
\Gm@bindingoffset=\dimen106
\Gm@wd@mp=\dimen107
\Gm@odd@mp=\dimen108
\Gm@even@mp=\dimen109
\Gm@layoutwidth=\dimen110
\Gm@layoutheight=\dimen111
\Gm@layouthoffset=\dimen112
\Gm@layoutvoffset=\dimen113
\Gm@dimlist=\toks20
)
(/usr/share/texmf-dist/tex/latex/listings/listings.sty
\lst@mode=\count92
\lst@gtempboxa=\box27
\lst@token=\toks21
\lst@length=\count93
\lst@currlwidth=\dimen114
\lst@column=\count94
\lst@pos=\count95
\lst@lostspace=\dimen115
\lst@width=\dimen116
\lst@newlines=\count96
\lst@lineno=\count97
\lst@maxwidth=\dimen117

(/usr/share/texmf-dist/tex/latex/listings/lstmisc.sty
File: lstmisc.sty 2019/09/10 1.8c (Carsten Heinz)
\c@lstnumber=\count98
\lst@skipnumbers=\count99
\lst@framebox=\box28
)
(/usr/share/texmf-dist/tex/latex/listings/listings.cfg
File: listings.cfg 2019/09/10 1.8c listings configuration
))
Package: listings 2019/09/10 1.8c (Carsten Heinz)

(/usr/share/texmf-dist/tex/latex/graphics/color.sty
Package: color 2016/07/10 v1.1e Standard LaTeX Color (DPC)

(/usr/share/texmf-dist/tex/latex/graphics-cfg/color.cfg
File: color.cfg 2016/01/02 v1.6 sample color configuration
)
Package color Info: Driver file: pdftex.def on input line 147.

(/usr/share/texmf-dist/tex/latex/graphics-def/pdftex.def
File: pdftex.def 2018/01/08 v1.0l Graphics/color driver for pdftex
))
(/usr/share/texmf-dist/tex/latex/float/float.sty
Package: float 2001/11/08 v1.3d Float enhancements (AL)
\c@float@type=\count100
\float@exts=\toks22
\float@box=\box29
\@float@everytoks=\toks23
\@floatcapt=\box30
)
(/usr/share/texmf-dist/tex/latex/animate/animate.sty
Package: animate 2019/08/20 PDF & SVG animations from files and inline graphics


(/usr/share/texmf-dist/tex/latex/xkeyval/xkeyval.sty
Package: xkeyval 2014/12/03 v2.7a package option processing (HA)

(/usr/share/texmf-dist/tex/generic/xkeyval/xkeyval.tex
(/usr/share/texmf-dist/tex/generic/xkeyval/xkvutils.tex
\XKV@toks=\toks24
\XKV@tempa@toks=\toks25
)
\XKV@depth=\count101
File: xkeyval.tex 2014/12/03 v2.7a key=value parser (HA)
))
(/usr/share/texmf-dist/tex/latex/base/ifthen.sty
Package: ifthen 2014/09/29 v1.1c Standard LaTeX ifthen package (DPC)
)
(/usr/share/texmf-dist/tex/generic/oberdiek/ifluatex.sty
Package: ifluatex 2016/05/16 v1.4 Provides the ifluatex switch (HO)
Package ifluatex Info: LuaTeX not detected.
)
(/usr/share/texmf-dist/tex/latex/oberdiek/ifdraft.sty
Package: ifdraft 2016/05/16 v1.4 Detect class options draft and final (HO)
)
(/usr/share/texmf-dist/tex/latex/tools/calc.sty
Package: calc 2017/05/25 v4.3 Infix arithmetic (KKT,FJ)
\calc@Acount=\count102
\calc@Bcount=\count103
\calc@Adimen=\dimen118
\calc@Bdimen=\dimen119
\calc@Askip=\skip44
\calc@Bskip=\skip45
LaTeX Info: Redefining \setlength on input line 80.
LaTeX Info: Redefining \addtolength on input line 81.
\calc@Ccount=\count104
\calc@Cskip=\skip46
)
(/usr/share/texmf-dist/tex/latex/graphics/graphics.sty
Package: graphics 2019/10/08 v1.3c Standard LaTeX Graphics (DPC,SPQR)

(/usr/share/texmf-dist/tex/latex/graphics/trig.sty
Package: trig 2016/01/03 v1.10 sin cos tan (DPC)
)
(/usr/share/texmf-dist/tex/latex/graphics-cfg/graphics.cfg
File: graphics.cfg 2016/06/04 v1.11 sample graphics configuration
)
Package graphics Info: Driver file: pdftex.def on input line 105.
)
(/usr/share/texmf-dist/tex/latex/oberdiek/zref-abspage.sty
Package: zref-abspage 2018/11/21 v2.27 Module abspage for zref (HO)

(/usr/share/texmf-dist/tex/latex/oberdiek/zref-base.sty
Package: zref-base 2018/11/21 v2.27 Module base for zref (HO)

(/usr/share/texmf-dist/tex/generic/oberdiek/ltxcmds.sty
Package: ltxcmds 2016/05/16 v1.23 LaTeX kernel commands for general use (HO)
)
(/usr/share/texmf-dist/tex/generic/oberdiek/infwarerr.sty
Package: infwarerr 2016/05/16 v1.4 Providing info/warning/error messages (HO)
)
(/usr/share/texmf-dist/tex/generic/oberdiek/kvsetkeys.sty
Package: kvsetkeys 2016/05/16 v1.17 Key value parser (HO)

(/usr/share/texmf-dist/tex/generic/oberdiek/etexcmds.sty
Package: etexcmds 2016/05/16 v1.6 Avoid name clashes with e-TeX commands (HO)
))
(/usr/share/texmf-dist/tex/generic/oberdiek/kvdefinekeys.sty
Package: kvdefinekeys 2016/05/16 v1.4 Define keys (HO)
)
(/usr/share/texmf-dist/tex/generic/oberdiek/pdftexcmds.sty
Package: pdftexcmds 2019/07/25 v0.30 Utility functions of pdfTeX for LuaTeX (HO
)
Package pdftexcmds Info: LuaTeX not detected.
Package pdftexcmds Info: \pdf@primitive is available.
Package pdftexcmds Info: \pdf@ifprimitive is available.
Package pdftexcmds Info: \pdfdraftmode found.
)
(/usr/share/texmf-dist/tex/latex/oberdiek/auxhook.sty
Package: auxhook 2016/05/16 v1.4 Hooks for auxiliary files (HO)
)
Package zref Info: New property list: main on input line 759.
Package zref Info: New property: default on input line 760.
Package zref Info: New property: page on input line 761.
)
(/usr/share/texmf-dist/tex/generic/oberdiek/atbegshi.sty
Package: atbegshi 2016/06/09 v1.18 At begin shipout hook (HO)
)
\c@abspage=\count105
Package zref Info: New property: abspage on input line 62.
)
(/usr/share/texmf-dist/tex/latex/media9/pdfbase.sty
(/usr/share/texmf-dist/tex/latex/l3kernel/expl3.sty
Package: expl3 2019-10-28 L3 programming layer (loader) 

(/usr/share/texmf-dist/tex/latex/l3kernel/expl3-code.tex
Package: expl3 2019-10-28 L3 programming layer (code)
\c_max_int=\count106
\l_tmpa_int=\count107
\l_tmpb_int=\count108
\g_tmpa_int=\count109
\g_tmpb_int=\count110
\l__seq_internal_a_int=\count111
\l__seq_internal_b_int=\count112
\g__kernel_prg_map_int=\count113
\c__ior_term_noprompt_ior=\count114
\c_log_iow=\count115
\l_iow_line_count_int=\count116
\l__iow_line_target_int=\count117
\l__iow_one_indent_int=\count118
\l__iow_indent_int=\count119
\c_zero_dim=\dimen120
\c_max_dim=\dimen121
\l_tmpa_dim=\dimen122
\l_tmpb_dim=\dimen123
\g_tmpa_dim=\dimen124
\g_tmpb_dim=\dimen125
\c_zero_skip=\skip47
\c_max_skip=\skip48
\l_tmpa_skip=\skip49
\l_tmpb_skip=\skip50
\g_tmpa_skip=\skip51
\g_tmpb_skip=\skip52
\c_zero_muskip=\muskip10
\c_max_muskip=\muskip11
\l_tmpa_muskip=\muskip12
\l_tmpb_muskip=\muskip13
\g_tmpa_muskip=\muskip14
\g_tmpb_muskip=\muskip15
\l_keys_choice_int=\count120
\l__intarray_loop_int=\count121
\c__intarray_sp_dim=\dimen126
\g__intarray_font_int=\count122
\c__fp_leading_shift_int=\count123
\c__fp_middle_shift_int=\count124
\c__fp_trailing_shift_int=\count125
\c__fp_big_leading_shift_int=\count126
\c__fp_big_middle_shift_int=\count127
\c__fp_big_trailing_shift_int=\count128
\c__fp_Bigg_leading_shift_int=\count129
\c__fp_Bigg_middle_shift_int=\count130
\c__fp_Bigg_trailing_shift_int=\count131
\c__kernel_randint_max_int=\count132
\g__fp_array_int=\count133
\l__fp_array_loop_int=\count134
\l__sort_length_int=\count135
\l__sort_min_int=\count136
\l__sort_top_int=\count137
\l__sort_max_int=\count138
\l__sort_true_max_int=\count139
\l__sort_block_int=\count140
\l__sort_begin_int=\count141
\l__sort_end_int=\count142
\l__sort_A_int=\count143
\l__sort_B_int=\count144
\l__sort_C_int=\count145
\l__str_internal_int=\count146
\c__str_replacement_char_int=\count147
\l__tl_analysis_normal_int=\count148
\l__tl_analysis_index_int=\count149
\l__tl_analysis_nesting_int=\count150
\l__tl_analysis_type_int=\count151
\l__regex_internal_a_int=\count152
\l__regex_internal_b_int=\count153
\l__regex_internal_c_int=\count154
\l__regex_balance_int=\count155
\l__regex_group_level_int=\count156
\l__regex_mode_int=\count157
\c__regex_cs_in_class_mode_int=\count158
\c__regex_cs_mode_int=\count159
\l__regex_catcodes_int=\count160
\l__regex_default_catcodes_int=\count161
\c__regex_catcode_D_int=\count162
\c__regex_catcode_S_int=\count163
\c__regex_catcode_L_int=\count164
\c__regex_catcode_O_int=\count165
\c__regex_catcode_A_int=\count166
\c__regex_all_catcodes_int=\count167
\l__regex_show_lines_int=\count168
\l__regex_min_state_int=\count169
\l__regex_max_state_int=\count170
\l__regex_left_state_int=\count171
\l__regex_right_state_int=\count172
\l__regex_capturing_group_int=\count173
\l__regex_min_pos_int=\count174
\l__regex_max_pos_int=\count175
\l__regex_curr_pos_int=\count176
\l__regex_start_pos_int=\count177
\l__regex_success_pos_int=\count178
\l__regex_curr_char_int=\count179
\l__regex_curr_catcode_int=\count180
\l__regex_last_char_int=\count181
\l__regex_case_changed_char_int=\count182
\l__regex_curr_state_int=\count183
\l__regex_step_int=\count184
\l__regex_min_active_int=\count185
\l__regex_max_active_int=\count186
\l__regex_replacement_csnames_int=\count187
\l__regex_match_count_int=\count188
\l__regex_min_submatch_int=\count189
\l__regex_submatch_int=\count190
\l__regex_zeroth_submatch_int=\count191
\g__regex_trace_regex_int=\count192
\c_empty_box=\box31
\l_tmpa_box=\box32
\l_tmpb_box=\box33
\g_tmpa_box=\box34
\g_tmpb_box=\box35
\l__box_top_dim=\dimen127
\l__box_bottom_dim=\dimen128
\l__box_left_dim=\dimen129
\l__box_right_dim=\dimen130
\l__box_top_new_dim=\dimen131
\l__box_bottom_new_dim=\dimen132
\l__box_left_new_dim=\dimen133
\l__box_right_new_dim=\dimen134
\l__box_internal_box=\box36
\l__coffin_internal_box=\box37
\l__coffin_internal_dim=\dimen135
\l__coffin_offset_x_dim=\dimen136
\l__coffin_offset_y_dim=\dimen137
\l__coffin_x_dim=\dimen138
\l__coffin_y_dim=\dimen139
\l__coffin_x_prime_dim=\dimen140
\l__coffin_y_prime_dim=\dimen141
\c_empty_coffin=\box38
\l__coffin_aligned_coffin=\box39
\l__coffin_aligned_internal_coffin=\box40
\l_tmpa_coffin=\box41
\l_tmpb_coffin=\box42
\g_tmpa_coffin=\box43
\g_tmpb_coffin=\box44
\l__coffin_bounding_shift_dim=\dimen142
\l__coffin_left_corner_dim=\dimen143
\l__coffin_right_corner_dim=\dimen144
\l__coffin_bottom_corner_dim=\dimen145
\l__coffin_top_corner_dim=\dimen146
\l__coffin_scaled_total_height_dim=\dimen147
\l__coffin_scaled_width_dim=\dimen148
\c__coffin_empty_coffin=\box45
\l__coffin_display_coffin=\box46
\l__coffin_display_coord_coffin=\box47
\l__coffin_display_pole_coffin=\box48
\l__coffin_display_offset_dim=\dimen149
\l__coffin_display_x_dim=\dimen150
\l__coffin_display_y_dim=\dimen151
\g__char_data_ior=\read1

(/usr/share/texmf-dist/tex/latex/l3kernel/l3deprecation.def
File: l3deprecation.def 2019-04-06 v L3 Deprecated functions
))
(/usr/share/texmf-dist/tex/latex/l3backend/l3backend-pdfmode.def
File: l3backend-pdfmode.def 2019-04-06 L3 backend support: PDF mode
\l__kernel_color_stack_int=\count193
\l__pdf_internal_box=\box49
))
(/usr/share/texmf-dist/tex/latex/l3packages/l3keys2e/l3keys2e.sty
Package: l3keys2e 2019-10-11 LaTeX2e option processing using LaTeX3 keys
)
Package: pdfbase 2019/09/30 v0.34 driver independent access to low-level PDF fe
atures
\g_pbs_page_int=\count194
\g_pbs_oc_int=\count195
)
(/usr/share/texmf-dist/tex/latex/ocgx2/ocgbase.sty
Package: ocgbase 2019/07/04 v0.16 support package for ocgx2.sty
\g_ocgbase_nd_int=\count196
)
\@anim@box=\box50
\@anim@measbox=\box51
\@anim@tmpdima=\dimen152
\@anim@tmpdimb=\dimen153
\@anim@num=\count197
\@anim@curframe=\count198
\@anim@curframe@zb=\count199
\@anim@resizeflags=\count266
\@anim@skipfram=\count267
\@anim@mulframecnt=\count268
\@anim@@tmlnfile=\read2
\@anim@tmpcnt=\count269
\c@@anim@ltxcnt=\count270
\@anim@curlayer=\count271
\@anim@lineno=\count272
\@anim@curfield=\count273
\@anim@@resizeflags=\count274
)
(/usr/share/texmf-dist/tex/latex/graphics/graphicx.sty
Package: graphicx 2017/06/01 v1.1a Enhanced LaTeX Graphics (DPC,SPQR)
\Gin@req@height=\dimen154
\Gin@req@width=\dimen155
)
(/usr/share/texmf-dist/tex/latex/base/fontenc.sty
Package: fontenc 2018/08/11 v2.0j Standard LaTeX package

(/usr/share/texmf-dist/tex/latex/base/t1enc.def
File: t1enc.def 2018/08/11 v2.0j Standard LaTeX file
LaTeX Font Info:    Redeclaring font encoding T1 on input line 48.
))
(/usr/share/texmf-dist/tex/latex/base/t1enc.sty
Package: t1enc 1994/06/01 Standard LaTeX package
)
(/usr/share/texmf-dist/tex/generic/babel/babel.sty
Package: babel 2019/10/15 3.35 The Babel package

(/usr/share/texmf-dist/tex/generic/babel/switch.def
File: switch.def 2019/10/15 3.35 Babel switching mechanism
)
(/usr/share/texmf-dist/tex/generic/babel-hungarian/magyar.ldf
Language: magyar 2019/01/14 v1.5c Magyar (Hungarian) support for babel

(/usr/share/texmf-dist/tex/generic/babel/babel.def
File: babel.def 2019/10/15 3.35 Babel common definitions
\babel@savecnt=\count275
\U@D=\dimen156

(/usr/share/texmf-dist/tex/generic/babel/txtbabel.def)
\bbl@dirlevel=\count276
)
\c@enumv=\count277
Package babel Info: Making ; an active character on input line 2791.
Package babel Info: Making ! an active character on input line 2793.
Package babel Info: Making ? an active character on input line 2799.
Package babel Info: Making : an active character on input line 2801.
Package babel Info: Making ` an active character on input line 2819.
\c@footnote@add=\count278
\c@footnote@ch=\count279
))
(/usr/share/texmf-dist/tex/latex/base/inputenc.sty
Package: inputenc 2018/08/11 v1.3c Input encoding file
\inpenc@prehook=\toks26
\inpenc@posthook=\toks27
)
(/usr/share/texmf-dist/tex/latex/xcolor/xcolor.sty
Package: xcolor 2016/05/11 v2.12 LaTeX color extensions (UK)

(/usr/share/texmf-dist/tex/latex/graphics-cfg/color.cfg
File: color.cfg 2016/01/02 v1.6 sample color configuration
)
Package xcolor Info: Driver file: pdftex.def on input line 225.

(/usr/share/texmf-dist/tex/latex/colortbl/colortbl.sty
Package: colortbl 2018/12/12 v1.0d Color table columns (DPC)

(/usr/share/texmf-dist/tex/latex/tools/array.sty
Package: array 2019/08/31 v2.4l Tabular extension package (FMi)
\col@sep=\dimen157
\ar@mcellbox=\box52
\extrarowheight=\dimen158
\NC@list=\toks28
\extratabsurround=\skip53
\backup@length=\skip54
\ar@cellbox=\box53
)
\everycr=\toks29
\minrowclearance=\skip55
)
LaTeX Info: Redefining \color on input line 709.
\rownum=\count280
Package xcolor Info: Model `cmy' substituted by `cmy0' on input line 1348.
Package xcolor Info: Model `hsb' substituted by `rgb' on input line 1352.
Package xcolor Info: Model `RGB' extended on input line 1364.
Package xcolor Info: Model `HTML' substituted by `rgb' on input line 1366.
Package xcolor Info: Model `Hsb' substituted by `hsb' on input line 1367.
Package xcolor Info: Model `tHsb' substituted by `hsb' on input line 1368.
Package xcolor Info: Model `HSB' substituted by `hsb' on input line 1369.
Package xcolor Info: Model `Gray' substituted by `gray' on input line 1370.
Package xcolor Info: Model `wave' substituted by `hsb' on input line 1371.
)
(/usr/share/texmf-dist/tex/latex/csquotes/csquotes.sty
Package: csquotes 2019/05/10 v5.2e context-sensitive quotations (JAW)

(/usr/share/texmf-dist/tex/latex/etoolbox/etoolbox.sty
Package: etoolbox 2019/09/21 v2.5h e-TeX tools for LaTeX (JAW)
\etb@tempcnta=\count281
)
\csq@reset=\count282
\csq@gtype=\count283
\csq@glevel=\count284
\csq@qlevel=\count285
\csq@maxlvl=\count286
\csq@tshold=\count287
\csq@ltx@everypar=\toks30

(/usr/share/texmf-dist/tex/latex/csquotes/csquotes.def
File: csquotes.def 2019/05/10 v5.2e csquotes generic definitions (JAW)
)
Package csquotes Info: Trying to load configuration file 'csquotes.cfg'...
Package csquotes Info: ... configuration file loaded successfully.

(/usr/share/texmf-dist/tex/latex/csquotes/csquotes.cfg
File: csquotes.cfg 
))
(/usr/share/texmf-dist/tex/latex/paralist/paralist.sty
Package: paralist 2017/01/22 v2.7 Extended list environments
\pltopsep=\skip56
\plpartopsep=\skip57
\plitemsep=\skip58
\plparsep=\skip59
\pl@lab=\toks31
)
(/usr/share/texmf-dist/tex/latex/listings/lstlang1.sty
File: lstlang1.sty 2019/09/10 1.8c listings language file
)
(/usr/share/texmf-dist/tex/latex/listings/lstlang1.sty
File: lstlang1.sty 2019/09/10 1.8c listings language file
)
(/usr/share/texmf-dist/tex/latex/listings/lstmisc.sty
File: lstmisc.sty 2019/09/10 1.8c (Carsten Heinz)
)
Package csquotes Info: Checking for multilingual support...
Package csquotes Info: ... found 'babel' package.
Package csquotes Info: Adjusting default style.
Package csquotes Info: Redefining alias 'default' -> 'magyar'.
 (./main.aux)
\openout1 = `main.aux'.

LaTeX Font Info:    Checking defaults for OML/cmm/m/it on input line 50.
LaTeX Font Info:    ... okay on input line 50.
LaTeX Font Info:    Checking defaults for T1/cmr/m/n on input line 50.
LaTeX Font Info:    ... okay on input line 50.
LaTeX Font Info:    Checking defaults for OT1/cmr/m/n on input line 50.
LaTeX Font Info:    ... okay on input line 50.
LaTeX Font Info:    Checking defaults for OMS/cmsy/m/n on input line 50.
LaTeX Font Info:    ... okay on input line 50.
LaTeX Font Info:    Checking defaults for OMX/cmex/m/n on input line 50.
LaTeX Font Info:    ... okay on input line 50.
LaTeX Font Info:    Checking defaults for U/cmr/m/n on input line 50.
LaTeX Font Info:    ... okay on input line 50.

*geometry* driver: auto-detecting
*geometry* detected driver: pdftex
*geometry* verbose mode - [ preamble ] result:
* driver: pdftex
* paper: a4paper
* layout: <same size as paper>
* layoutoffset:(h,v)=(0.0pt,0.0pt)
* modes: 
* h-part:(L,W,R)=(72.26999pt, 452.9679pt, 72.26999pt)
* v-part:(T,H,B)=(72.26999pt, 700.50687pt, 72.26999pt)
* \paperwidth=597.50787pt
* \paperheight=845.04684pt
* \textwidth=452.9679pt
* \textheight=700.50687pt
* \oddsidemargin=0.0pt
* \evensidemargin=0.0pt
* \topmargin=-37.0pt
* \headheight=12.0pt
* \headsep=25.0pt
* \topskip=12.0pt
* \footskip=30.0pt
* \marginparwidth=35.0pt
* \marginparsep=10.0pt
* \columnsep=10.0pt
* \skip\footins=10.8pt plus 4.0pt minus 2.0pt
* \hoffset=0.0pt
* \voffset=0.0pt
* \mag=1000
* \@twocolumnfalse
* \@twosidefalse
* \@mparswitchfalse
* \@reversemarginfalse
* (1in=72.27pt=25.4mm, 1cm=28.453pt)

\c@lstlisting=\count288
(/usr/share/texmf-dist/tex/context/base/mkii/supp-pdf.mkii
[Loading MPS to PDF converter (version 2006.09.02).]
\scratchcounter=\count289
\scratchdimen=\dimen159
\scratchbox=\box54
\nofMPsegments=\count290
\nofMParguments=\count291
\everyMPshowfont=\toks32
\MPscratchCnt=\count292
\MPscratchDim=\dimen160
\MPnumerator=\count293
\makeMPintoPDFobject=\count294
\everyMPtoPDFconversion=\toks33
) (/usr/share/texmf-dist/tex/latex/oberdiek/epstopdf-base.sty
Package: epstopdf-base 2016/05/15 v2.6 Base part for package epstopdf

(/usr/share/texmf-dist/tex/latex/oberdiek/grfext.sty
Package: grfext 2016/05/16 v1.2 Manage graphics extensions (HO)
)
(/usr/share/texmf-dist/tex/latex/oberdiek/kvoptions.sty
Package: kvoptions 2016/05/16 v3.12 Key value format for package options (HO)
)
Package epstopdf-base Info: Redefining graphics rule for `.eps' on input line 4
38.
Package grfext Info: Graphics extension search list:
(grfext)             [.pdf,.png,.jpg,.mps,.jpeg,.jbig2,.jb2,.PDF,.PNG,.JPG,.JPE
G,.JBIG2,.JB2,.eps]
(grfext)             \AppendGraphicsExtensions on input line 456.

(/usr/share/texmf-dist/tex/latex/latexconfig/epstopdf-sys.cfg
File: epstopdf-sys.cfg 2010/07/13 v1.3 Configuration of (r)epstopdf for TeX Liv
e
))
\AtBeginShipoutBox=\box55
LaTeX Font Info:    External font `cmex10' loaded for size
(Font)              <14.4> on input line 51.
LaTeX Font Info:    External font `cmex10' loaded for size
(Font)              <7> on input line 51.
 [1

{/var/lib/texmf/fonts/map/pdftex/updmap/pdftex.map}]
LaTeX Font Info:    Trying to load font information for T1+cmtt on input line 5
8.

(/usr/share/texmf-dist/tex/latex/base/t1cmtt.fd
File: t1cmtt.fd 2014/09/29 v2.5h Standard LaTeX font definitions
) [1

] [2] [3] [4]
<./images/ga/apngframe01.jpg, id=29, 578.16pt x 471.7625pt>
File: ./images/ga/apngframe01.jpg Graphic file (type jpg)
<use ./images/ga/apngframe01.jpg>
Package pdftex.def Info: ./images/ga/apngframe01.jpg  used on input line 245.
(pdftex.def)             Requested size: 578.15858pt x 471.76134pt.
 <./images/ga/apngframe01.jpg> <a0,fr0> <a0,fr1> <a0,fr2>
<./images/ga/apngframe04.jpg, id=49, 578.16pt x 471.7625pt>
File: ./images/ga/apngframe04.jpg Graphic file (type jpg)
<use ./images/ga/apngframe04.jpg>
Package pdftex.def Info: ./images/ga/apngframe04.jpg  used on input line 245.
(pdftex.def)             Requested size: 578.15858pt x 471.76134pt.
 <./images/ga/apngframe04.jpg>
<a0,fr3> <a0,fr4>
<./images/ga/apngframe06.jpg, id=64, 578.16pt x 471.7625pt>
File: ./images/ga/apngframe06.jpg Graphic file (type jpg)
<use ./images/ga/apngframe06.jpg>
Package pdftex.def Info: ./images/ga/apngframe06.jpg  used on input line 245.
(pdftex.def)             Requested size: 578.15858pt x 471.76134pt.
 <./images/ga/apngframe06.jpg> <a0,fr5> <a0,fr6> <a0,fr7>
<./images/ga/apngframe09.jpg, id=84, 578.16pt x 471.7625pt>
File: ./images/ga/apngframe09.jpg Graphic file (type jpg)
<use ./images/ga/apngframe09.jpg>
Package pdftex.def Info: ./images/ga/apngframe09.jpg  used on input line 245.
(pdftex.def)             Requested size: 578.15858pt x 471.76134pt.
 <./images/ga/apngframe09.jpg> <a0,fr8> <a0,fr9> <a0,fr10>
<./images/ga/apngframe12.jpg, id=104, 578.16pt x 471.7625pt>
File: ./images/ga/apngframe12.jpg Graphic file (type jpg)
<use ./images/ga/apngframe12.jpg>
Package pdftex.def Info: ./images/ga/apngframe12.jpg  used on input line 245.
(pdftex.def)             Requested size: 578.15858pt x 471.76134pt.
 <./images/ga/apngframe12.jpg> <a0,fr11> <a0,fr12> <a0,fr13>
<./images/ga/apngframe15.jpg, id=124, 578.16pt x 471.7625pt>
File: ./images/ga/apngframe15.jpg Graphic file (type jpg)
<use ./images/ga/apngframe15.jpg>
Package pdftex.def Info: ./images/ga/apngframe15.jpg  used on input line 245.
(pdftex.def)             Requested size: 578.15858pt x 471.76134pt.
 <./images/ga/apngframe15.jpg> <a0,fr14>
<a0,fr15> <a0,fr16> <a0,fr17>
<./images/ga/apngframe19.jpg, id=149, 578.16pt x 471.7625pt>
File: ./images/ga/apngframe19.jpg Graphic file (type jpg)
<use ./images/ga/apngframe19.jpg>
Package pdftex.def Info: ./images/ga/apngframe19.jpg  used on input line 245.
(pdftex.def)             Requested size: 578.15858pt x 471.76134pt.
 <./images/ga/apngframe19.jpg> <a0,fr18>
<a0,fr19> <a0,fr20>
<./images/ga/apngframe22.jpg, id=169, 578.16pt x 471.7625pt>
File: ./images/ga/apngframe22.jpg Graphic file (type jpg)
<use ./images/ga/apngframe22.jpg>
Package pdftex.def Info: ./images/ga/apngframe22.jpg  used on input line 245.
(pdftex.def)             Requested size: 578.15858pt x 471.76134pt.
 <./images/ga/apngframe22.jpg> <a0,fr21> <a0,fr22>
<a0,fr23>
<./images/ga/apngframe25.jpg, id=189, 578.16pt x 471.7625pt>
File: ./images/ga/apngframe25.jpg Graphic file (type jpg)
<use ./images/ga/apngframe25.jpg>
Package pdftex.def Info: ./images/ga/apngframe25.jpg  used on input line 245.
(pdftex.def)             Requested size: 578.15858pt x 471.76134pt.
 <./images/ga/apngframe25.jpg> <a0,fr24> <a0,fr25> <a0,fr26>
<./images/ga/apngframe28.jpg, id=209, 578.16pt x 471.7625pt>
File: ./images/ga/apngframe28.jpg Graphic file (type jpg)
<use ./images/ga/apngframe28.jpg>
Package pdftex.def Info: ./images/ga/apngframe28.jpg  used on input line 245.
(pdftex.def)             Requested size: 578.15858pt x 471.76134pt.
 <./images/ga/apngframe28.jpg> <a0,fr27> <a0,fr28> <a0,fr29> <a0,fr30>
<./images/ga/apngframe32.jpg, id=234, 578.16pt x 471.7625pt>
File: ./images/ga/apngframe32.jpg Graphic file (type jpg)
<use ./images/ga/apngframe32.jpg>
Package pdftex.def Info: ./images/ga/apngframe32.jpg  used on input line 245.
(pdftex.def)             Requested size: 578.15858pt x 471.76134pt.
 <./images/ga/apngframe32.jpg> <a0,fr31> <a0,fr32> <a0,fr33> <a0,fr34>
<./images/ga/apngframe36.jpg, id=260, 578.16pt x 471.7625pt>
File: ./images/ga/apngframe36.jpg Graphic file (type jpg)
<use ./images/ga/apngframe36.jpg>
Package pdftex.def Info: ./images/ga/apngframe36.jpg  used on input line 245.
(pdftex.def)             Requested size: 578.15858pt x 471.76134pt.
 <./images/ga/apngframe36.jpg> <a0,fr35> <a0,fr36> <a0,fr37>
<./images/ga/apngframe39.jpg, id=280, 578.16pt x 471.7625pt>
File: ./images/ga/apngframe39.jpg Graphic file (type jpg)
<use ./images/ga/apngframe39.jpg>
Package pdftex.def Info: ./images/ga/apngframe39.jpg  used on input line 245.
(pdftex.def)             Requested size: 578.15858pt x 471.76134pt.
 <./images/ga/apngframe39.jpg> <a0,fr38>
<a0,fr39>
<./images/ga/apngframe41.jpg, id=295, 578.16pt x 471.7625pt>
File: ./images/ga/apngframe41.jpg Graphic file (type jpg)
<use ./images/ga/apngframe41.jpg>
Package pdftex.def Info: ./images/ga/apngframe41.jpg  used on input line 245.
(pdftex.def)             Requested size: 578.15858pt x 471.76134pt.
 <./images/ga/apngframe41.jpg> <a0,fr40>
<./images/ga/apngframe42.jpg, id=305, 578.16pt x 471.7625pt>
File: ./images/ga/apngframe42.jpg Graphic file (type jpg)
<use ./images/ga/apngframe42.jpg>
Package pdftex.def Info: ./images/ga/apngframe42.jpg  used on input line 245.
(pdftex.def)             Requested size: 578.15858pt x 471.76134pt.
 <./images/ga/apngframe42.jpg> <a0,fr41> <a0,fr42> <a0,fr43>
<./images/ga/apngframe45.jpg, id=325, 578.16pt x 471.7625pt>
File: ./images/ga/apngframe45.jpg Graphic file (type jpg)
<use ./images/ga/apngframe45.jpg>
Package pdftex.def Info: ./images/ga/apngframe45.jpg  used on input line 245.
(pdftex.def)             Requested size: 578.15858pt x 471.76134pt.
 <./images/ga/apngframe45.jpg> <a0,fr44>
<a0,fr45> <a0,fr46>
<./images/ga/apngframe48.jpg, id=345, 578.16pt x 471.7625pt>
File: ./images/ga/apngframe48.jpg Graphic file (type jpg)
<use ./images/ga/apngframe48.jpg>
Package pdftex.def Info: ./images/ga/apngframe48.jpg  used on input line 245.
(pdftex.def)             Requested size: 578.15858pt x 471.76134pt.
 <./images/ga/apngframe48.jpg> <a0,fr47> <a0,fr48>
<a0,fr49>
<./images/ga/apngframe51.jpg, id=365, 578.16pt x 471.7625pt>
File: ./images/ga/apngframe51.jpg Graphic file (type jpg)
<use ./images/ga/apngframe51.jpg>
Package pdftex.def Info: ./images/ga/apngframe51.jpg  used on input line 245.
(pdftex.def)             Requested size: 578.15858pt x 471.76134pt.
 <./images/ga/apngframe51.jpg> <a0,fr50> <a0,fr51> <a0,fr52>
<./images/ga/apngframe54.jpg, id=385, 578.16pt x 471.7625pt>
File: ./images/ga/apngframe54.jpg Graphic file (type jpg)
<use ./images/ga/apngframe54.jpg>
Package pdftex.def Info: ./images/ga/apngframe54.jpg  used on input line 245.
(pdftex.def)             Requested size: 578.15858pt x 471.76134pt.
 <./images/ga/apngframe54.jpg> <a0,fr53> <a0,fr54> <a0,fr55>
<./images/ga/apngframe57.jpg, id=405, 578.16pt x 471.7625pt>
File: ./images/ga/apngframe57.jpg Graphic file (type jpg)
<use ./images/ga/apngframe57.jpg>
Package pdftex.def Info: ./images/ga/apngframe57.jpg  used on input line 245.
(pdftex.def)             Requested size: 578.15858pt x 471.76134pt.
 <./images/ga/apngframe57.jpg> <a0,fr56> <a0,fr57> <a0,fr58> <a0,fr59>
<./images/ga/apngframe61.jpg, id=430, 578.16pt x 471.7625pt>
File: ./images/ga/apngframe61.jpg Graphic file (type jpg)
<use ./images/ga/apngframe61.jpg>
Package pdftex.def Info: ./images/ga/apngframe61.jpg  used on input line 245.
(pdftex.def)             Requested size: 578.15858pt x 471.76134pt.
 <./images/ga/apngframe61.jpg>
<a0,fr60> <a0,fr61> <a0,fr62>
<./images/ga/apngframe64.jpg, id=450, 578.16pt x 471.7625pt>
File: ./images/ga/apngframe64.jpg Graphic file (type jpg)
<use ./images/ga/apngframe64.jpg>
Package pdftex.def Info: ./images/ga/apngframe64.jpg  used on input line 245.
(pdftex.def)             Requested size: 578.15858pt x 471.76134pt.
 <./images/ga/apngframe64.jpg> <a0,fr63>
<a0,fr64> <a0,fr65>
<./images/ga/apngframe67.jpg, id=470, 578.16pt x 471.7625pt>
File: ./images/ga/apngframe67.jpg Graphic file (type jpg)
<use ./images/ga/apngframe67.jpg>
Package pdftex.def Info: ./images/ga/apngframe67.jpg  used on input line 245.
(pdftex.def)             Requested size: 578.15858pt x 471.76134pt.
 <./images/ga/apngframe67.jpg> <a0,fr66> <a0,fr67>
<a0,fr68> <a0,fr69>
<./images/ga/apngframe71.jpg, id=496, 578.16pt x 471.7625pt>
File: ./images/ga/apngframe71.jpg Graphic file (type jpg)
<use ./images/ga/apngframe71.jpg>
Package pdftex.def Info: ./images/ga/apngframe71.jpg  used on input line 245.
(pdftex.def)             Requested size: 578.15858pt x 471.76134pt.
 <./images/ga/apngframe71.jpg> <a0,fr70> <a0,fr71>
<a0,fr72>
<./images/ga/apngframe74.jpg, id=516, 578.16pt x 471.7625pt>
File: ./images/ga/apngframe74.jpg Graphic file (type jpg)
<use ./images/ga/apngframe74.jpg>
Package pdftex.def Info: ./images/ga/apngframe74.jpg  used on input line 245.
(pdftex.def)             Requested size: 578.15858pt x 471.76134pt.
 <./images/ga/apngframe74.jpg> <a0,fr73> <a0,fr74> <a0,fr75>
<a0,fr76>
<./images/ga/apngframe78.jpg, id=541, 578.16pt x 471.7625pt>
File: ./images/ga/apngframe78.jpg Graphic file (type jpg)
<use ./images/ga/apngframe78.jpg>
Package pdftex.def Info: ./images/ga/apngframe78.jpg  used on input line 245.
(pdftex.def)             Requested size: 578.15858pt x 471.76134pt.
 <./images/ga/apngframe78.jpg> <a0,fr77> <a0,fr78>
<./images/ga/apngframe80.jpg, id=556, 578.16pt x 471.7625pt>
File: ./images/ga/apngframe80.jpg Graphic file (type jpg)
<use ./images/ga/apngframe80.jpg>
Package pdftex.def Info: ./images/ga/apngframe80.jpg  used on input line 245.
(pdftex.def)             Requested size: 578.15858pt x 471.76134pt.
 <./images/ga/apngframe80.jpg> <a0,fr79> <a0,fr80>
Overfull \hbox (30.7247pt too wide) in paragraph at lines 244--247
[][][][][][][][][][][][][][][][][][][][][][][][][][][][][][][][][][][][][][][][
][][][][][][][][][][][][][][][][][][][][][][][][][][][][][][][][][][][][][][][]
[][][][] 
 []

[5] [6

]
Overfull \hbox (26.34448pt too wide) in paragraph at lines 297--299
[][][][][][][][][][][][][][][][][][][]  
 []


Overfull \hbox (6.34448pt too wide) in paragraph at lines 302--303
[][][][][][][][][][][][] 
 []


Overfull \hbox (33.75275pt too wide) in paragraph at lines 305--306
[][][][][][][][][][][][][][][][][][][]  
 []

[7] [8]
<./images/ro/apngframe037.jpg, id=618, 618.31pt x 381.425pt>
File: ./images/ro/apngframe037.jpg Graphic file (type jpg)
<use ./images/ro/apngframe037.jpg>
Package pdftex.def Info: ./images/ro/apngframe037.jpg  used on input line 382.
(pdftex.def)             Requested size: 618.30849pt x 381.42406pt.
 <./images/ro/apngframe037.jpg> <a1,fr0>
<./images/ro/apngframe038.jpg, id=628, 618.31pt x 381.425pt>
File: ./images/ro/apngframe038.jpg Graphic file (type jpg)
<use ./images/ro/apngframe038.jpg>
Package pdftex.def Info: ./images/ro/apngframe038.jpg  used on input line 382.
(pdftex.def)             Requested size: 618.30849pt x 381.42406pt.
 <./images/ro/apngframe038.jpg>
<a1,fr1>
<./images/ro/apngframe039.jpg, id=638, 618.31pt x 381.425pt>
File: ./images/ro/apngframe039.jpg Graphic file (type jpg)
<use ./images/ro/apngframe039.jpg>
Package pdftex.def Info: ./images/ro/apngframe039.jpg  used on input line 382.
(pdftex.def)             Requested size: 618.30849pt x 381.42406pt.
 <./images/ro/apngframe039.jpg> <a1,fr2>
<./images/ro/apngframe040.jpg, id=648, 618.31pt x 381.425pt>
File: ./images/ro/apngframe040.jpg Graphic file (type jpg)
<use ./images/ro/apngframe040.jpg>
Package pdftex.def Info: ./images/ro/apngframe040.jpg  used on input line 382.
(pdftex.def)             Requested size: 618.30849pt x 381.42406pt.
 <./images/ro/apngframe040.jpg> <a1,fr3> <a1,fr4>
<./images/ro/apngframe042.jpg, id=663, 618.31pt x 381.425pt>
File: ./images/ro/apngframe042.jpg Graphic file (type jpg)
<use ./images/ro/apngframe042.jpg>
Package pdftex.def Info: ./images/ro/apngframe042.jpg  used on input line 382.
(pdftex.def)             Requested size: 618.30849pt x 381.42406pt.
 <./images/ro/apngframe042.jpg> <a1,fr5>
<./images/ro/apngframe043.jpg, id=673, 618.31pt x 381.425pt>
File: ./images/ro/apngframe043.jpg Graphic file (type jpg)
<use ./images/ro/apngframe043.jpg>
Package pdftex.def Info: ./images/ro/apngframe043.jpg  used on input line 382.
(pdftex.def)             Requested size: 618.30849pt x 381.42406pt.
 <./images/ro/apngframe043.jpg> <a1,fr6> <a1,fr7> <a1,fr8>
<./images/ro/apngframe046.jpg, id=693, 618.31pt x 381.425pt>
File: ./images/ro/apngframe046.jpg Graphic file (type jpg)
<use ./images/ro/apngframe046.jpg>
Package pdftex.def Info: ./images/ro/apngframe046.jpg  used on input line 382.
(pdftex.def)             Requested size: 618.30849pt x 381.42406pt.
 <./images/ro/apngframe046.jpg> <a1,fr9>
<a1,fr10>
<./images/ro/apngframe048.jpg, id=708, 618.31pt x 381.425pt>
File: ./images/ro/apngframe048.jpg Graphic file (type jpg)
<use ./images/ro/apngframe048.jpg>
Package pdftex.def Info: ./images/ro/apngframe048.jpg  used on input line 382.
(pdftex.def)             Requested size: 618.30849pt x 381.42406pt.
 <./images/ro/apngframe048.jpg> <a1,fr11>
<./images/ro/apngframe049.jpg, id=718, 618.31pt x 381.425pt>
File: ./images/ro/apngframe049.jpg Graphic file (type jpg)
<use ./images/ro/apngframe049.jpg>
Package pdftex.def Info: ./images/ro/apngframe049.jpg  used on input line 382.
(pdftex.def)             Requested size: 618.30849pt x 381.42406pt.
 <./images/ro/apngframe049.jpg> <a1,fr12> <a1,fr13>
<./images/ro/apngframe051.jpg, id=733, 618.31pt x 381.425pt>
File: ./images/ro/apngframe051.jpg Graphic file (type jpg)
<use ./images/ro/apngframe051.jpg>
Package pdftex.def Info: ./images/ro/apngframe051.jpg  used on input line 382.
(pdftex.def)             Requested size: 618.30849pt x 381.42406pt.
 <./images/ro/apngframe051.jpg> <a1,fr14> <a1,fr15>
<./images/ro/apngframe053.jpg, id=748, 618.31pt x 381.425pt>
File: ./images/ro/apngframe053.jpg Graphic file (type jpg)
<use ./images/ro/apngframe053.jpg>
Package pdftex.def Info: ./images/ro/apngframe053.jpg  used on input line 382.
(pdftex.def)             Requested size: 618.30849pt x 381.42406pt.
 <./images/ro/apngframe053.jpg> <a1,fr16>
<./images/ro/apngframe054.jpg, id=758, 618.31pt x 381.425pt>
File: ./images/ro/apngframe054.jpg Graphic file (type jpg)
<use ./images/ro/apngframe054.jpg>
Package pdftex.def Info: ./images/ro/apngframe054.jpg  used on input line 382.
(pdftex.def)             Requested size: 618.30849pt x 381.42406pt.
 <./images/ro/apngframe054.jpg> <a1,fr17>
<a1,fr18>
<./images/ro/apngframe056.jpg, id=774, 618.31pt x 381.425pt>
File: ./images/ro/apngframe056.jpg Graphic file (type jpg)
<use ./images/ro/apngframe056.jpg>
Package pdftex.def Info: ./images/ro/apngframe056.jpg  used on input line 382.
(pdftex.def)             Requested size: 618.30849pt x 381.42406pt.
 <./images/ro/apngframe056.jpg> <a1,fr19> <a1,fr20> <a1,fr21>
<a1,fr22> <a1,fr23> <a1,fr24> <a1,fr25>
<./images/ro/apngframe063.jpg, id=814, 618.31pt x 381.425pt>
File: ./images/ro/apngframe063.jpg Graphic file (type jpg)
<use ./images/ro/apngframe063.jpg>
Package pdftex.def Info: ./images/ro/apngframe063.jpg  used on input line 382.
(pdftex.def)             Requested size: 618.30849pt x 381.42406pt.
 <./images/ro/apngframe063.jpg>
<a1,fr26>
<./images/ro/apngframe064.jpg, id=824, 618.31pt x 381.425pt>
File: ./images/ro/apngframe064.jpg Graphic file (type jpg)
<use ./images/ro/apngframe064.jpg>
Package pdftex.def Info: ./images/ro/apngframe064.jpg  used on input line 382.
(pdftex.def)             Requested size: 618.30849pt x 381.42406pt.
 <./images/ro/apngframe064.jpg> <a1,fr27>
<./images/ro/apngframe065.jpg, id=834, 618.31pt x 381.425pt>
File: ./images/ro/apngframe065.jpg Graphic file (type jpg)
<use ./images/ro/apngframe065.jpg>
Package pdftex.def Info: ./images/ro/apngframe065.jpg  used on input line 382.
(pdftex.def)             Requested size: 618.30849pt x 381.42406pt.
 <./images/ro/apngframe065.jpg> <a1,fr28> <a1,fr29> <a1,fr30> <a1,fr31> <a1,fr3
2> <a1,fr33> <a1,fr34>
<./images/ro/apngframe072.jpg, id=874, 618.31pt x 381.425pt>
File: ./images/ro/apngframe072.jpg Graphic file (type jpg)
<use ./images/ro/apngframe072.jpg>
Package pdftex.def Info: ./images/ro/apngframe072.jpg  used on input line 382.
(pdftex.def)             Requested size: 618.30849pt x 381.42406pt.
 <./images/ro/apngframe072.jpg> <a1,fr35>
<./images/ro/apngframe073.jpg, id=884, 618.31pt x 381.425pt>
File: ./images/ro/apngframe073.jpg Graphic file (type jpg)
<use ./images/ro/apngframe073.jpg>
Package pdftex.def Info: ./images/ro/apngframe073.jpg  used on input line 382.
(pdftex.def)             Requested size: 618.30849pt x 381.42406pt.
 <./images/ro/apngframe073.jpg> <a1,fr36>
<a1,fr37> <a1,fr38> <a1,fr39> <a1,fr40> <a1,fr41> <a1,fr42> <a1,fr43>
<a1,fr44> <a1,fr45> <a1,fr46> <a1,fr47> <a1,fr48> <a1,fr49> <a1,fr50>
<a1,fr51> <a1,fr52>
<./images/ro/apngframe090.jpg, id=974, 618.31pt x 381.425pt>
File: ./images/ro/apngframe090.jpg Graphic file (type jpg)
<use ./images/ro/apngframe090.jpg>
Package pdftex.def Info: ./images/ro/apngframe090.jpg  used on input line 382.
(pdftex.def)             Requested size: 618.30849pt x 381.42406pt.
 <./images/ro/apngframe090.jpg> <a1,fr53> <a1,fr54>
<a1,fr55> <a1,fr56> <a1,fr57> <a1,fr58> <a1,fr59> <a1,fr60> <a1,fr61>
<a1,fr62> <a1,fr63> <a1,fr64> <a1,fr65> <a1,fr66>
<./images/ro/apngframe104.jpg, id=1050, 618.31pt x 381.425pt>
File: ./images/ro/apngframe104.jpg Graphic file (type jpg)
<use ./images/ro/apngframe104.jpg>
Package pdftex.def Info: ./images/ro/apngframe104.jpg  used on input line 382.
(pdftex.def)             Requested size: 618.30849pt x 381.42406pt.
 <./images/ro/apngframe104.jpg> <a1,fr67> <a1,fr68> <a1,fr69> <a1,fr70>
<./images/ro/apngframe108.jpg, id=1075, 618.31pt x 381.425pt>
File: ./images/ro/apngframe108.jpg Graphic file (type jpg)
<use ./images/ro/apngframe108.jpg>
Package pdftex.def Info: ./images/ro/apngframe108.jpg  used on input line 382.
(pdftex.def)             Requested size: 618.30849pt x 381.42406pt.
 <./images/ro/apngframe108.jpg>
<a1,fr71> <a1,fr72> <a1,fr73> <a1,fr74> <a1,fr75> <a1,fr76> <a1,fr77>
<a1,fr78> <a1,fr79> <a1,fr80> <a1,fr81> <a1,fr82> <a1,fr83> <a1,fr84>
<a1,fr85> <a1,fr86> <a1,fr87> <a1,fr88> <a1,fr89> <a1,fr90> <a1,fr91>
<a1,fr92> <a1,fr93> <a1,fr94> <a1,fr95> <a1,fr96> <a1,fr97> <a1,fr98>
<a1,fr99> <a1,fr100> <a1,fr101> <a1,fr102> <a1,fr103> <a1,fr104> <a1,fr105>
<a1,fr106> <a1,fr107> <a1,fr108> <a1,fr109> <a1,fr110> <a1,fr111> <a1,fr112>
<a1,fr113> <a1,fr114> <a1,fr115> <a1,fr116> <a1,fr117> <a1,fr118> <a1,fr119>
<a1,fr120> <a1,fr121>
<./images/ro/apngframe159.jpg, id=1336, 618.31pt x 381.425pt>
File: ./images/ro/apngframe159.jpg Graphic file (type jpg)
<use ./images/ro/apngframe159.jpg>
Package pdftex.def Info: ./images/ro/apngframe159.jpg  used on input line 382.
(pdftex.def)             Requested size: 618.30849pt x 381.42406pt.
 <./images/ro/apngframe159.jpg> <a1,fr122> <a1,fr123>
<a1,fr124>
Overfull \hbox (30.74603pt too wide) in paragraph at lines 381--384
[][][][][][][][][][][][][][][][][][][][][][][][][][][][][][][][][][][][][][][][
][][][][][][][][][][][][][][][][][][][][][][][][][][][][][][][][][][][][][][][]
[][][][][][][][][][][][][][][][][][][][][][][][][][][][][][][][][][][][][][][][
][][][][][][][][] 
 []

[9] [10

]
Overfull \hbox (41.16101pt too wide) in paragraph at lines 438--439
[][][][][][][][][][][][][][][][][][][]  
 []

[11]
Overfull \hbox (4.11969pt too wide) in paragraph at lines 484--485
[][][][][][]  
 []


Overfull \hbox (4.11969pt too wide) in paragraph at lines 485--486
[][][][][][]  
 []


Overfull \hbox (139.69324pt too wide) in paragraph at lines 498--499
[][][][][][][][][][][][][][][][][][][][][][][][][][][] 
 []

[12]
<./images/hc/apngframe001.jpg, id=1391, 845.1575pt x 523.9575pt>
File: ./images/hc/apngframe001.jpg Graphic file (type jpg)
<use ./images/hc/apngframe001.jpg>
Package pdftex.def Info: ./images/hc/apngframe001.jpg  used on input line 518.
(pdftex.def)             Requested size: 845.15544pt x 523.95622pt.
 <./images/hc/apngframe001.jpg> <a2,fr0> <a2,fr1> <a2,fr2> <a2,fr3>
<a2,fr4> <a2,fr5> <a2,fr6> <a2,fr7> <a2,fr8> <a2,fr9> <a2,fr10>
<./images/hc/apngframe012.jpg, id=1452, 845.1575pt x 523.9575pt>
File: ./images/hc/apngframe012.jpg Graphic file (type jpg)
<use ./images/hc/apngframe012.jpg>
Package pdftex.def Info: ./images/hc/apngframe012.jpg  used on input line 518.
(pdftex.def)             Requested size: 845.15544pt x 523.95622pt.
 <./images/hc/apngframe012.jpg> <a2,fr11> <a2,fr12>
<./images/hc/apngframe014.jpg, id=1467, 845.1575pt x 523.9575pt>
File: ./images/hc/apngframe014.jpg Graphic file (type jpg)
<use ./images/hc/apngframe014.jpg>
Package pdftex.def Info: ./images/hc/apngframe014.jpg  used on input line 518.
(pdftex.def)             Requested size: 845.15544pt x 523.95622pt.
 <./images/hc/apngframe014.jpg> <a2,fr13>
<./images/hc/apngframe015.jpg, id=1477, 845.1575pt x 523.9575pt>
File: ./images/hc/apngframe015.jpg Graphic file (type jpg)
<use ./images/hc/apngframe015.jpg>
Package pdftex.def Info: ./images/hc/apngframe015.jpg  used on input line 518.
(pdftex.def)             Requested size: 845.15544pt x 523.95622pt.
 <./images/hc/apngframe015.jpg> <a2,fr14> <a2,fr15>
<./images/hc/apngframe017.jpg, id=1492, 845.1575pt x 523.9575pt>
File: ./images/hc/apngframe017.jpg Graphic file (type jpg)
<use ./images/hc/apngframe017.jpg>
Package pdftex.def Info: ./images/hc/apngframe017.jpg  used on input line 518.
(pdftex.def)             Requested size: 845.15544pt x 523.95622pt.
 <./images/hc/apngframe017.jpg> <a2,fr16>
<./images/hc/apngframe018.jpg, id=1502, 845.1575pt x 523.9575pt>
File: ./images/hc/apngframe018.jpg Graphic file (type jpg)
<use ./images/hc/apngframe018.jpg>
Package pdftex.def Info: ./images/hc/apngframe018.jpg  used on input line 518.
(pdftex.def)             Requested size: 845.15544pt x 523.95622pt.
 <./images/hc/apngframe018.jpg> <a2,fr17>
<./images/hc/apngframe019.jpg, id=1512, 845.1575pt x 523.9575pt>
File: ./images/hc/apngframe019.jpg Graphic file (type jpg)
<use ./images/hc/apngframe019.jpg>
Package pdftex.def Info: ./images/hc/apngframe019.jpg  used on input line 518.
(pdftex.def)             Requested size: 845.15544pt x 523.95622pt.
 <./images/hc/apngframe019.jpg> <a2,fr18> <a2,fr19> <a2,fr20>
<./images/hc/apngframe022.jpg, id=1532, 845.1575pt x 523.9575pt>
File: ./images/hc/apngframe022.jpg Graphic file (type jpg)
<use ./images/hc/apngframe022.jpg>
Package pdftex.def Info: ./images/hc/apngframe022.jpg  used on input line 518.
(pdftex.def)             Requested size: 845.15544pt x 523.95622pt.
 <./images/hc/apngframe022.jpg> <a2,fr21>
<a2,fr22> <a2,fr23>
<./images/hc/apngframe025.jpg, id=1552, 845.1575pt x 523.9575pt>
File: ./images/hc/apngframe025.jpg Graphic file (type jpg)
<use ./images/hc/apngframe025.jpg>
Package pdftex.def Info: ./images/hc/apngframe025.jpg  used on input line 518.
(pdftex.def)             Requested size: 845.15544pt x 523.95622pt.
 <./images/hc/apngframe025.jpg> <a2,fr24> <a2,fr25>
<a2,fr26>
<./images/hc/apngframe028.jpg, id=1572, 845.1575pt x 523.9575pt>
File: ./images/hc/apngframe028.jpg Graphic file (type jpg)
<use ./images/hc/apngframe028.jpg>
Package pdftex.def Info: ./images/hc/apngframe028.jpg  used on input line 518.
(pdftex.def)             Requested size: 845.15544pt x 523.95622pt.
 <./images/hc/apngframe028.jpg> <a2,fr27> <a2,fr28> <a2,fr29>
<a2,fr30> <a2,fr31>
<./images/hc/apngframe033.jpg, id=1602, 845.1575pt x 523.9575pt>
File: ./images/hc/apngframe033.jpg Graphic file (type jpg)
<use ./images/hc/apngframe033.jpg>
Package pdftex.def Info: ./images/hc/apngframe033.jpg  used on input line 518.
(pdftex.def)             Requested size: 845.15544pt x 523.95622pt.
 <./images/hc/apngframe033.jpg> <a2,fr32>
<./images/hc/apngframe034.jpg, id=1612, 845.1575pt x 523.9575pt>
File: ./images/hc/apngframe034.jpg Graphic file (type jpg)
<use ./images/hc/apngframe034.jpg>
Package pdftex.def Info: ./images/hc/apngframe034.jpg  used on input line 518.
(pdftex.def)             Requested size: 845.15544pt x 523.95622pt.
 <./images/hc/apngframe034.jpg> <a2,fr33>
<./images/hc/apngframe035.jpg, id=1622, 845.1575pt x 523.9575pt>
File: ./images/hc/apngframe035.jpg Graphic file (type jpg)
<use ./images/hc/apngframe035.jpg>
Package pdftex.def Info: ./images/hc/apngframe035.jpg  used on input line 518.
(pdftex.def)             Requested size: 845.15544pt x 523.95622pt.
 <./images/hc/apngframe035.jpg> <a2,fr34> <a2,fr35>
<a2,fr36>
<./images/hc/apngframe038.jpg, id=1642, 845.1575pt x 523.9575pt>
File: ./images/hc/apngframe038.jpg Graphic file (type jpg)
<use ./images/hc/apngframe038.jpg>
Package pdftex.def Info: ./images/hc/apngframe038.jpg  used on input line 518.
(pdftex.def)             Requested size: 845.15544pt x 523.95622pt.
 <./images/hc/apngframe038.jpg> <a2,fr37> <a2,fr38> <a2,fr39>
<./images/hc/apngframe041.jpg, id=1662, 845.1575pt x 523.9575pt>
File: ./images/hc/apngframe041.jpg Graphic file (type jpg)
<use ./images/hc/apngframe041.jpg>
Package pdftex.def Info: ./images/hc/apngframe041.jpg  used on input line 518.
(pdftex.def)             Requested size: 845.15544pt x 523.95622pt.
 <./images/hc/apngframe041.jpg> <a2,fr40> <a2,fr41> <a2,fr42>
<./images/hc/apngframe044.jpg, id=1683, 845.1575pt x 523.9575pt>
File: ./images/hc/apngframe044.jpg Graphic file (type jpg)
<use ./images/hc/apngframe044.jpg>
Package pdftex.def Info: ./images/hc/apngframe044.jpg  used on input line 518.
(pdftex.def)             Requested size: 845.15544pt x 523.95622pt.
 <./images/hc/apngframe044.jpg> <a2,fr43> <a2,fr44> <a2,fr45>
<./images/hc/apngframe047.jpg, id=1703, 845.1575pt x 523.9575pt>
File: ./images/hc/apngframe047.jpg Graphic file (type jpg)
<use ./images/hc/apngframe047.jpg>
Package pdftex.def Info: ./images/hc/apngframe047.jpg  used on input line 518.
(pdftex.def)             Requested size: 845.15544pt x 523.95622pt.
 <./images/hc/apngframe047.jpg> <a2,fr46>
<./images/hc/apngframe048.jpg, id=1713, 845.1575pt x 523.9575pt>
File: ./images/hc/apngframe048.jpg Graphic file (type jpg)
<use ./images/hc/apngframe048.jpg>
Package pdftex.def Info: ./images/hc/apngframe048.jpg  used on input line 518.
(pdftex.def)             Requested size: 845.15544pt x 523.95622pt.
 <./images/hc/apngframe048.jpg> <a2,fr47>
<./images/hc/apngframe049.jpg, id=1723, 845.1575pt x 523.9575pt>
File: ./images/hc/apngframe049.jpg Graphic file (type jpg)
<use ./images/hc/apngframe049.jpg>
Package pdftex.def Info: ./images/hc/apngframe049.jpg  used on input line 518.
(pdftex.def)             Requested size: 845.15544pt x 523.95622pt.
 <./images/hc/apngframe049.jpg> <a2,fr48>
<a2,fr49>
<./images/hc/apngframe051.jpg, id=1738, 845.1575pt x 523.9575pt>
File: ./images/hc/apngframe051.jpg Graphic file (type jpg)
<use ./images/hc/apngframe051.jpg>
Package pdftex.def Info: ./images/hc/apngframe051.jpg  used on input line 518.
(pdftex.def)             Requested size: 845.15544pt x 523.95622pt.
 <./images/hc/apngframe051.jpg> <a2,fr50> <a2,fr51> <a2,fr52>
<a2,fr53> <a2,fr54> <a2,fr55> <a2,fr56> <a2,fr57>
<./images/hc/apngframe059.jpg, id=1783, 845.1575pt x 523.9575pt>
File: ./images/hc/apngframe059.jpg Graphic file (type jpg)
<use ./images/hc/apngframe059.jpg>
Package pdftex.def Info: ./images/hc/apngframe059.jpg  used on input line 518.
(pdftex.def)             Requested size: 845.15544pt x 523.95622pt.
 <./images/hc/apngframe059.jpg> <a2,fr58>
<./images/hc/apngframe060.jpg, id=1793, 845.1575pt x 523.9575pt>
File: ./images/hc/apngframe060.jpg Graphic file (type jpg)
<use ./images/hc/apngframe060.jpg>
Package pdftex.def Info: ./images/hc/apngframe060.jpg  used on input line 518.
(pdftex.def)             Requested size: 845.15544pt x 523.95622pt.
 <./images/hc/apngframe060.jpg> <a2,fr59> <a2,fr60>
<./images/hc/apngframe062.jpg, id=1808, 845.1575pt x 523.9575pt>
File: ./images/hc/apngframe062.jpg Graphic file (type jpg)
<use ./images/hc/apngframe062.jpg>
Package pdftex.def Info: ./images/hc/apngframe062.jpg  used on input line 518.
(pdftex.def)             Requested size: 845.15544pt x 523.95622pt.
 <./images/hc/apngframe062.jpg> <a2,fr61> <a2,fr62>
<./images/hc/apngframe064.jpg, id=1823, 845.1575pt x 523.9575pt>
File: ./images/hc/apngframe064.jpg Graphic file (type jpg)
<use ./images/hc/apngframe064.jpg>
Package pdftex.def Info: ./images/hc/apngframe064.jpg  used on input line 518.
(pdftex.def)             Requested size: 845.15544pt x 523.95622pt.
 <./images/hc/apngframe064.jpg> <a2,fr63>
<./images/hc/apngframe065.jpg, id=1833, 845.1575pt x 523.9575pt>
File: ./images/hc/apngframe065.jpg Graphic file (type jpg)
<use ./images/hc/apngframe065.jpg>
Package pdftex.def Info: ./images/hc/apngframe065.jpg  used on input line 518.
(pdftex.def)             Requested size: 845.15544pt x 523.95622pt.
 <./images/hc/apngframe065.jpg> <a2,fr64>
<./images/hc/apngframe066.jpg, id=1843, 845.1575pt x 523.9575pt>
File: ./images/hc/apngframe066.jpg Graphic file (type jpg)
<use ./images/hc/apngframe066.jpg>
Package pdftex.def Info: ./images/hc/apngframe066.jpg  used on input line 518.
(pdftex.def)             Requested size: 845.15544pt x 523.95622pt.
 <./images/hc/apngframe066.jpg> <a2,fr65>
<./images/hc/apngframe067.jpg, id=1853, 845.1575pt x 523.9575pt>
File: ./images/hc/apngframe067.jpg Graphic file (type jpg)
<use ./images/hc/apngframe067.jpg>
Package pdftex.def Info: ./images/hc/apngframe067.jpg  used on input line 518.
(pdftex.def)             Requested size: 845.15544pt x 523.95622pt.
 <./images/hc/apngframe067.jpg> <a2,fr66> <a2,fr67>
<./images/hc/apngframe069.jpg, id=1868, 845.1575pt x 523.9575pt>
File: ./images/hc/apngframe069.jpg Graphic file (type jpg)
<use ./images/hc/apngframe069.jpg>
Package pdftex.def Info: ./images/hc/apngframe069.jpg  used on input line 518.
(pdftex.def)             Requested size: 845.15544pt x 523.95622pt.
 <./images/hc/apngframe069.jpg> <a2,fr68> <a2,fr69> <a2,fr70> <a2,fr71> <a2,fr7
2> <a2,fr73> <a2,fr74>
<./images/hc/apngframe076.jpg, id=1908, 845.1575pt x 523.9575pt>
File: ./images/hc/apngframe076.jpg Graphic file (type jpg)
<use ./images/hc/apngframe076.jpg>
Package pdftex.def Info: ./images/hc/apngframe076.jpg  used on input line 518.
(pdftex.def)             Requested size: 845.15544pt x 523.95622pt.
 <./images/hc/apngframe076.jpg> <a2,fr75>
<./images/hc/apngframe077.jpg, id=1918, 845.1575pt x 523.9575pt>
File: ./images/hc/apngframe077.jpg Graphic file (type jpg)
<use ./images/hc/apngframe077.jpg>
Package pdftex.def Info: ./images/hc/apngframe077.jpg  used on input line 518.
(pdftex.def)             Requested size: 845.15544pt x 523.95622pt.
 <./images/hc/apngframe077.jpg> <a2,fr76>
<a2,fr77> <a2,fr78>
<./images/hc/apngframe080.jpg, id=1939, 845.1575pt x 523.9575pt>
File: ./images/hc/apngframe080.jpg Graphic file (type jpg)
<use ./images/hc/apngframe080.jpg>
Package pdftex.def Info: ./images/hc/apngframe080.jpg  used on input line 518.
(pdftex.def)             Requested size: 845.15544pt x 523.95622pt.
 <./images/hc/apngframe080.jpg> <a2,fr79> <a2,fr80>
<a2,fr81>
<./images/hc/apngframe083.jpg, id=1959, 845.1575pt x 523.9575pt>
File: ./images/hc/apngframe083.jpg Graphic file (type jpg)
<use ./images/hc/apngframe083.jpg>
Package pdftex.def Info: ./images/hc/apngframe083.jpg  used on input line 518.
(pdftex.def)             Requested size: 845.15544pt x 523.95622pt.
 <./images/hc/apngframe083.jpg> <a2,fr82> <a2,fr83> <a2,fr84>
<./images/hc/apngframe086.jpg, id=1979, 845.1575pt x 523.9575pt>
File: ./images/hc/apngframe086.jpg Graphic file (type jpg)
<use ./images/hc/apngframe086.jpg>
Package pdftex.def Info: ./images/hc/apngframe086.jpg  used on input line 518.
(pdftex.def)             Requested size: 845.15544pt x 523.95622pt.
 <./images/hc/apngframe086.jpg> <a2,fr85> <a2,fr86>
<./images/hc/apngframe088.jpg, id=1994, 845.1575pt x 523.9575pt>
File: ./images/hc/apngframe088.jpg Graphic file (type jpg)
<use ./images/hc/apngframe088.jpg>
Package pdftex.def Info: ./images/hc/apngframe088.jpg  used on input line 518.
(pdftex.def)             Requested size: 845.15544pt x 523.95622pt.
 <./images/hc/apngframe088.jpg>
<a2,fr87>
<./images/hc/apngframe089.jpg, id=2004, 845.1575pt x 523.9575pt>
File: ./images/hc/apngframe089.jpg Graphic file (type jpg)
<use ./images/hc/apngframe089.jpg>
Package pdftex.def Info: ./images/hc/apngframe089.jpg  used on input line 518.
(pdftex.def)             Requested size: 845.15544pt x 523.95622pt.
 <./images/hc/apngframe089.jpg> <a2,fr88> <a2,fr89> <a2,fr90>
<a2,fr91> <a2,fr92> <a2,fr93> <a2,fr94> <a2,fr95> <a2,fr96> <a2,fr97>
<a2,fr98> <a2,fr99> <a2,fr100> <a2,fr101>
Overfull \hbox (30.73709pt too wide) in paragraph at lines 517--519
[][][][][][][][][][][][][][][][][][][][][][][][][][][][][][][][][][][][][][][][
][][][][][][][][][][][][][][][][][][][][][][][][][][][][][][][][][][][][][][][]
[][][][][][][][][][][][][][][][][][][][][][][][][] 
 []

[13] (./main.aux) ) 
Here is how much of TeX's memory you used:
 21074 strings out of 492167
 383091 string characters out of 6131558
 667379 words of memory out of 5000000
 25030 multiletter control sequences out of 15000+600000
 540345 words of font info for 38 fonts, out of 8000000 for 9000
 1141 hyphenation exceptions out of 8191
 53i,7n,97p,814b,1597s stack positions out of 5000i,500n,10000p,200000b,80000s
{/usr/share/texmf-dist/fonts/enc/dvips/cm-super/cm-super-t1.
enc}</usr/share/texmf-dist/fonts/type1/public/cm-super/sfbx1440.pfb></usr/share
/texmf-dist/fonts/type1/public/cm-super/sfbx1728.pfb></usr/share/texmf-dist/fon
ts/type1/public/cm-super/sfbx2488.pfb></usr/share/texmf-dist/fonts/type1/public
/cm-super/sfrm1200.pfb></usr/share/texmf-dist/fonts/type1/public/cm-super/sfrm1
440.pfb></usr/share/texmf-dist/fonts/type1/public/cm-super/sftt1200.pfb>
Output written on main.pdf (14 pages, 7254130 bytes).
PDF statistics:
 2125 PDF objects out of 2487 (max. 8388607)
 1204 compressed objects within 13 object streams
 0 named destinations out of 1000 (max. 500000)
 5203 words of extra memory for PDF output out of 10000 (max. 10000000)

